Building in: C:\Users\sherd\Downloads\esp-idf\examples\peripherals\gpio\generic_gpio\build
Configuring in: C:\Users\sherd\Downloads\esp-idf\examples\peripherals\gpio\generic_gpio\build
cmake -G Ninja -DCMAKE_TOOLCHAIN_FILE=C:\Espressif\frameworks\esp-idf-v4.4\tools\cmake\toolchain-esp32c3.cmake -DCMAKE_EXPORT_COMPILE_COMMANDS=ON -DCCACHE_ENABLE=1 -DIDF_TARGET=esp32c3 C:\Users\sherd\Downloads\esp-idf\examples\peripherals\gpio\generic_gpio
-- Found Git: C:/Espressif/tools/idf-git/2.34.2/cmd/git.exe (found version "2.34.1.windows.1") 
-- ccache will be used for faster recompilation
-- The C compiler identification is GNU 8.4.0
-- The CXX compiler identification is GNU 8.4.0
-- The ASM compiler identification is GNU
-- Found assembler: C:/Espressif/tools/riscv32-esp-elf/esp-2021r2-patch2-8.4.0/riscv32-esp-elf/bin/riscv32-esp-elf-gcc.exe
-- Detecting C compiler ABI info
-- Detecting C compiler ABI info - done
-- Check for working C compiler: C:/Espressif/tools/riscv32-esp-elf/esp-2021r2-patch2-8.4.0/riscv32-esp-elf/bin/riscv32-esp-elf-gcc.exe - skipped
-- Detecting C compile features
-- Detecting C compile features - done
-- Detecting CXX compiler ABI info
-- Detecting CXX compiler ABI info - done
-- Check for working CXX compiler: C:/Espressif/tools/riscv32-esp-elf/esp-2021r2-patch2-8.4.0/riscv32-esp-elf/bin/riscv32-esp-elf-g++.exe - skipped
-- Detecting CXX compile features
-- Detecting CXX compile features - done
-- Project is not inside a git repository, or git repository has no commits; will not use 'git describe' to determine PROJECT_VER.
-- Building ESP-IDF components for target esp32c3
-- Checking Python dependencies...
Python requirements from C:/Espressif/frameworks/esp-idf-v4.4/requirements.txt are satisfied.
-- Project sdkconfig file C:/Users/sherd/Downloads/esp-idf/examples/peripherals/gpio/generic_gpio/sdkconfig
warning: the int symbol GPIO_OUTPUT_0 (defined at C:/Users/sherd/Downloads/esp-idf/examples/peripherals/gpio/generic_gpio/main/Kconfig.projbuild:5) has a non-int range [ENV_GPIO_RANGE_MIN (undefined), ENV_GPIO_OUT_RANGE_MAX (undefined)]
warning: the int symbol GPIO_OUTPUT_1 (defined at C:/Users/sherd/Downloads/esp-idf/examples/peripherals/gpio/generic_gpio/main/Kconfig.projbuild:13) has a non-int range [ENV_GPIO_RANGE_MIN (undefined), ENV_GPIO_OUT_RANGE_MAX (undefined)]
warning: the int symbol GPIO_INPUT_0 (defined at C:/Users/sherd/Downloads/esp-idf/examples/peripherals/gpio/generic_gpio/main/Kconfig.projbuild:21) has a non-int range [ENV_GPIO_RANGE_MIN (undefined), ENV_GPIO_IN_RANGE_MAX (undefined)]
warning: the int symbol GPIO_INPUT_1 (defined at C:/Users/sherd/Downloads/esp-idf/examples/peripherals/gpio/generic_gpio/main/Kconfig.projbuild:28) has a non-int range [ENV_GPIO_RANGE_MIN (undefined), ENV_GPIO_IN_RANGE_MAX (undefined)]
warning: default value 18 on GPIO_OUTPUT_0 (defined at C:/Users/sherd/Downloads/esp-idf/examples/peripherals/gpio/generic_gpio/main/Kconfig.projbuild:5) clamped to 0 due to being outside the active range ([0, 0])
warning: default value 19 on GPIO_OUTPUT_1 (defined at C:/Users/sherd/Downloads/esp-idf/examples/peripherals/gpio/generic_gpio/main/Kconfig.projbuild:13) clamped to 0 due to being outside the active range ([0, 0])
warning: default value 4 on GPIO_INPUT_0 (defined at C:/Users/sherd/Downloads/esp-idf/examples/peripherals/gpio/generic_gpio/main/Kconfig.projbuild:21) clamped to 0 due to being outside the active range ([0, 0])
warning: default value 5 on GPIO_INPUT_1 (defined at C:/Users/sherd/Downloads/esp-idf/examples/peripherals/gpio/generic_gpio/main/Kconfig.projbuild:28) clamped to 0 due to being outside the active range ([0, 0])
Traceback (most recent call last):
  File "C:/Espressif/frameworks/esp-idf-v4.4/tools/kconfig_new/confgen.py", line 640, in <module>
    main()
  File "C:/Espressif/frameworks/esp-idf-v4.4/tools/kconfig_new/confgen.py", line 326, in main
    output_function(deprecated_options, config, temp_file)
  File "C:/Espressif/frameworks/esp-idf-v4.4/tools/kconfig_new/confgen.py", line 590, in write_json_menus
    write_node(n)
  File "C:/Espressif/frameworks/esp-idf-v4.4/tools/kconfig_new/confgen.py", line 556, in write_node
    greatest_range = [int(min_range.str_value, base), int(max_range.str_value, base)]
ValueError: invalid literal for int() with base 10: 'ENV_GPIO_RANGE_MIN'
CMake Error at C:/Espressif/frameworks/esp-idf-v4.4/tools/cmake/kconfig.cmake:266 (message):
-- Configuring incomplete, errors occurred!
See also "C:/Users/sherd/Downloads/esp-idf/examples/peripherals/gpio/generic_gpio/build/CMakeFiles/CMakeOutput.log".
  Failed to run confgen.py
  (python;C:/Espressif/frameworks/esp-idf-v4.4/tools/kconfig_new/confgen.py;--kconfig;C:/Espressif/frameworks/esp-idf-v4.4/Kconfig;--sdkconfig-rename;C:/Espressif/frameworks/esp-idf-v4.4/sdkconfig.rename;--config;C:/Users/sherd/Downloads/esp-idf/examples/peripherals/gpio/generic_gpio/sdkconfig;--env-file;C:/Users/sherd/Downloads/esp-idf/examples/peripherals/gpio/generic_gpio/build/config.env).
  Error 1
Call Stack (most recent call first):
  C:/Espressif/frameworks/esp-idf-v4.4/tools/cmake/build.cmake:528 (__kconfig_generate_config)
  C:/Espressif/frameworks/esp-idf-v4.4/tools/cmake/project.cmake:378 (idf_build_process)
  CMakeLists.txt:6 (project)


cmake --build . -- -v
ninja: error: loading 'build.ninja': The system cannot find the file specified.


Build complete (0 errors, 0 warnings): C:\Users\sherd\Downloads\esp-idf\examples\peripherals\gpio\generic_gpio\build
Total time taken to build the project: 8,391 ms